<?xml version="1.0" encoding="UTF-8" ?>
<testsuite failures="0" time="0.156" errors="0" skipped="0" tests="24" name="net.sf.jweather.tests.MetarTest">
  <properties>
    <property name="java.runtime.name" value="Java(TM) SE Runtime Environment"/>
    <property name="sun.boot.library.path" value="C:\Program Files\Java\jdk1.6.0_11\jre\bin"/>
    <property name="java.vm.version" value="11.0-b16"/>
    <property name="java.vm.vendor" value="Sun Microsystems Inc."/>
    <property name="java.vendor.url" value="http://java.sun.com/"/>
    <property name="path.separator" value=";"/>
    <property name="java.vm.name" value="Java HotSpot(TM) Client VM"/>
    <property name="file.encoding.pkg" value="sun.io"/>
    <property name="user.country" value="ZA"/>
    <property name="sun.java.launcher" value="SUN_STANDARD"/>
    <property name="sun.os.patch.level" value="Service Pack 3"/>
    <property name="java.vm.specification.name" value="Java Virtual Machine Specification"/>
    <property name="user.dir" value="C:\eclipseworkspaces\IgniteRealtime\jWeather"/>
    <property name="java.runtime.version" value="1.6.0_11-b03"/>
    <property name="java.awt.graphicsenv" value="sun.awt.Win32GraphicsEnvironment"/>
    <property name="basedir" value="C:\eclipseworkspaces\IgniteRealtime\jWeather"/>
    <property name="java.endorsed.dirs" value="C:\Program Files\Java\jdk1.6.0_11\jre\lib\endorsed"/>
    <property name="os.arch" value="x86"/>
    <property name="surefire.real.class.path" value="C:\DOCUME~1\GKINDE~1\LOCALS~1\Temp\surefirebooter2799806494554583577.jar"/>
    <property name="java.io.tmpdir" value="C:\DOCUME~1\GKINDE~1\LOCALS~1\Temp\"/>
    <property name="line.separator" value="
"/>
    <property name="java.vm.specification.vendor" value="Sun Microsystems Inc."/>
    <property name="user.variant" value=""/>
    <property name="os.name" value="Windows XP"/>
    <property name="sun.jnu.encoding" value="Cp1252"/>
    <property name="java.library.path" value="C:\Program Files\Java\jdk1.6.0_11\jre\bin;.;C:\WINDOWS\Sun\Java\bin;C:\WINDOWS\system32;C:\WINDOWS;C:\Program Files\PC Connectivity Solution\;C:\WINDOWS\system32;C:\WINDOWS;C:\WINDOWS\System32\Wbem;C:\Program Files\ATI Technologies\ATI.ACE\Core-Static;C:\Program Files\glassfish-v2.1\bin;C:\Program Files\MySQL\MySQL Server 5.0\bin;C:\Program Files\TortoiseSVN\bin;c:\Program Files\GNU\GnuPG;C:\Program Files\apache-maven-2.2.1\bin;C:\Program Files\Subversion\bin;C:\Program Files\Java\jdk1.6.0_11\bin;C:\Program Files\QuickTime\QTSystem\;C:\Program Files\SlikSvn\bin\;C:\Program Files\MKVtoolnix"/>
    <property name="surefire.test.class.path" value="C:\eclipseworkspaces\IgniteRealtime\jWeather\target\test-classes;C:\eclipseworkspaces\IgniteRealtime\jWeather\target\classes;C:\Documents and Settings\gkinderen\.m2\repository\log4j\log4j\1.2.8\log4j-1.2.8.jar;C:\Documents and Settings\gkinderen\.m2\repository\oro\oro\2.0.7\oro-2.0.7.jar;C:\Documents and Settings\gkinderen\.m2\repository\junit\junit\3.8.1\junit-3.8.1.jar;C:\Documents and Settings\gkinderen\.m2\repository\commons-httpclient\commons-httpclient\2.0\commons-httpclient-2.0.jar;C:\Documents and Settings\gkinderen\.m2\repository\commons-logging\commons-logging\1.0.3\commons-logging-1.0.3.jar;C:\Documents and Settings\gkinderen\.m2\repository\commons-lang\commons-lang\1.0.1\commons-lang-1.0.1.jar;"/>
    <property name="java.specification.name" value="Java Platform API Specification"/>
    <property name="java.class.version" value="50.0"/>
    <property name="sun.management.compiler" value="HotSpot Client Compiler"/>
    <property name="os.version" value="5.1"/>
    <property name="user.home" value="C:\Documents and Settings\gkinderen"/>
    <property name="user.timezone" value="Europe/Berlin"/>
    <property name="java.awt.printerjob" value="sun.awt.windows.WPrinterJob"/>
    <property name="java.specification.version" value="1.6"/>
    <property name="file.encoding" value="Cp1252"/>
    <property name="user.name" value="gkinderen"/>
    <property name="java.class.path" value="C:\eclipseworkspaces\IgniteRealtime\jWeather\target\test-classes;C:\eclipseworkspaces\IgniteRealtime\jWeather\target\classes;C:\Documents and Settings\gkinderen\.m2\repository\log4j\log4j\1.2.8\log4j-1.2.8.jar;C:\Documents and Settings\gkinderen\.m2\repository\oro\oro\2.0.7\oro-2.0.7.jar;C:\Documents and Settings\gkinderen\.m2\repository\junit\junit\3.8.1\junit-3.8.1.jar;C:\Documents and Settings\gkinderen\.m2\repository\commons-httpclient\commons-httpclient\2.0\commons-httpclient-2.0.jar;C:\Documents and Settings\gkinderen\.m2\repository\commons-logging\commons-logging\1.0.3\commons-logging-1.0.3.jar;C:\Documents and Settings\gkinderen\.m2\repository\commons-lang\commons-lang\1.0.1\commons-lang-1.0.1.jar;"/>
    <property name="java.vm.specification.version" value="1.0"/>
    <property name="sun.arch.data.model" value="32"/>
    <property name="java.home" value="C:\Program Files\Java\jdk1.6.0_11\jre"/>
    <property name="java.specification.vendor" value="Sun Microsystems Inc."/>
    <property name="user.language" value="en"/>
    <property name="awt.toolkit" value="sun.awt.windows.WToolkit"/>
    <property name="java.vm.info" value="mixed mode, sharing"/>
    <property name="java.version" value="1.6.0_11"/>
    <property name="java.ext.dirs" value="C:\Program Files\Java\jdk1.6.0_11\jre\lib\ext;C:\WINDOWS\Sun\Java\lib\ext"/>
    <property name="sun.boot.class.path" value="C:\Program Files\Java\jdk1.6.0_11\jre\lib\resources.jar;C:\Program Files\Java\jdk1.6.0_11\jre\lib\rt.jar;C:\Program Files\Java\jdk1.6.0_11\jre\lib\sunrsasign.jar;C:\Program Files\Java\jdk1.6.0_11\jre\lib\jsse.jar;C:\Program Files\Java\jdk1.6.0_11\jre\lib\jce.jar;C:\Program Files\Java\jdk1.6.0_11\jre\lib\charsets.jar;C:\Program Files\Java\jdk1.6.0_11\jre\classes"/>
    <property name="java.vendor" value="Sun Microsystems Inc."/>
    <property name="localRepository" value="C:\Documents and Settings\gkinderen\.m2\repository"/>
    <property name="file.separator" value="\"/>
    <property name="java.vendor.url.bug" value="http://java.sun.com/cgi-bin/bugreport.cgi"/>
    <property name="sun.cpu.endian" value="little"/>
    <property name="sun.io.unicode.encoding" value="UnicodeLittle"/>
    <property name="sun.desktop" value="windows"/>
    <property name="sun.cpu.isalist" value="pentium_pro+mmx pentium_pro pentium+mmx pentium i486 i386 i86"/>
  </properties>
  <testcase time="0.093" classname="net.sf.jweather.tests.MetarTest" name="testClearRecord1"/>
  <testcase time="0" classname="net.sf.jweather.tests.MetarTest" name="testClearReport1"/>
  <testcase time="0" classname="net.sf.jweather.tests.MetarTest" name="testClearReportDate1"/>
  <testcase time="0" classname="net.sf.jweather.tests.MetarTest" name="testGeneral2"/>
  <testcase time="0" classname="net.sf.jweather.tests.MetarTest" name="testFractionalVisibility1"/>
  <testcase time="0" classname="net.sf.jweather.tests.MetarTest" name="testFractionalVisibility2"/>
  <testcase time="0" classname="net.sf.jweather.tests.MetarTest" name="testFractionalVisibilityInKilometers"/>
  <testcase time="0" classname="net.sf.jweather.tests.MetarTest" name="testVisibilityInKilometers"/>
  <testcase time="0" classname="net.sf.jweather.tests.MetarTest" name="testVisibilityInMeters"/>
  <testcase time="0" classname="net.sf.jweather.tests.MetarTest" name="testRainWithOutRVR"/>
  <testcase time="0" classname="net.sf.jweather.tests.MetarTest" name="testWindSpeedInMPS"/>
  <testcase time="0" classname="net.sf.jweather.tests.MetarTest" name="testCavok"/>
  <testcase time="0" classname="net.sf.jweather.tests.MetarTest" name="testVisibility"/>
  <testcase time="0" classname="net.sf.jweather.tests.MetarTest" name="testNosig"/>
  <testcase time="0" classname="net.sf.jweather.tests.MetarTest" name="testNSC"/>
  <testcase time="0" classname="net.sf.jweather.tests.MetarTest" name="testMissingDewPoint"/>
  <testcase time="0" classname="net.sf.jweather.tests.MetarTest" name="testMissingTemperature"/>
  <testcase time="0" classname="net.sf.jweather.tests.MetarTest" name="testMissingTemperatureAndDewpoint"/>
  <testcase time="0" classname="net.sf.jweather.tests.MetarTest" name="testMissingVisAndWeatherCondition"/>
  <testcase time="0" classname="net.sf.jweather.tests.MetarTest" name="testHectoPascalPressure"/>
  <testcase time="0" classname="net.sf.jweather.tests.MetarTest" name="testBecomingVisibilityHaze"/>
  <testcase time="0" classname="net.sf.jweather.tests.MetarTest" name="testVRB05"/>
  <testcase time="0.015" classname="net.sf.jweather.tests.MetarTest" name="testMissingVis"/>
  <testcase time="0" classname="net.sf.jweather.tests.MetarTest" name="testDirectionalVisibility"/>
</testsuite>